<?xml version="1.0" encoding="UTF-8"?>
<!-- Generated by org.testng.reporters.JUnitReportReporter -->
<testsuite skipped="0" hostname="192.168.1.104" name="com.bjss.testcases.api.TestAPI" tests="1" failures="0" timestamp="18 Feb 2018 19:30:03 GMT" time="3.781" errors="0">
  <testcase name="Test_01" time="3.781" classname="com.bjss.testcases.api.TestAPI"/>
</testsuite> <!-- com.bjss.testcases.api.TestAPI -->
