<?xml version="1.0" encoding="UTF-8"?>
<!-- Generated by org.testng.reporters.JUnitReportReporter -->
<testsuite skipped="0" hostname="L01009362.local" name="com.bjss.testcases.functional.SigninTest" tests="2" failures="0" timestamp="19 Feb 2018 10:23:11 GMT" time="14.075" errors="0">
  <testcase name="signInTest" time="6.717" classname="com.bjss.testcases.functional.SigninTest"/>
  <testcase name="signInTest" time="7.358" classname="com.bjss.testcases.functional.SigninTest"/>
</testsuite> <!-- com.bjss.testcases.functional.SigninTest -->
