<?xml version="1.0" encoding="UTF-8"?>
<!-- Generated by org.testng.reporters.JUnitReportReporter -->
<testsuite skipped="0" hostname="L01009362.local" name="com.bjss.testcases.functional.ReviewOrderAddCommentTest" tests="1" failures="0" timestamp="20 Feb 2018 17:06:45 GMT" time="15.159" errors="0">
  <testcase name="reviewOrderAddCommentTest" time="15.159" classname="com.bjss.testcases.functional.ReviewOrderAddCommentTest"/>
</testsuite> <!-- com.bjss.testcases.functional.ReviewOrderAddCommentTest -->
