<?xml version="1.0" encoding="UTF-8"?>
<!-- Generated by org.testng.reporters.JUnitReportReporter -->
<testsuite skipped="0" hostname="L01009362.local" name="com.bjss.testcases.api.APITest" tests="1" failures="0" timestamp="19 Feb 2018 10:18:22 GMT" time="2.303" errors="0">
  <testcase name="Test_07" time="2.303" classname="com.bjss.testcases.api.APITest"/>
</testsuite> <!-- com.bjss.testcases.api.APITest -->
