<?xml version="1.0" encoding="UTF-8"?>
<!-- Generated by org.testng.reporters.JUnitReportReporter -->
<testsuite skipped="0" hostname="L01009362.local" name="com.bjss.testcases.functional.PurchaseItemTest" tests="2" failures="0" timestamp="20 Feb 2018 17:06:45 GMT" time="48.651" errors="0">
  <testcase name="purchaseItemTest" time="40.032" classname="com.bjss.testcases.functional.PurchaseItemTest"/>
  <testcase name="ReviewOrderAddCommentTest" time="8.619" classname="com.bjss.testcases.functional.PurchaseItemTest"/>
</testsuite> <!-- com.bjss.testcases.functional.PurchaseItemTest -->
